<?xml version="1.0" encoding="UTF-8"?>
<!-- Generated by org.testng.reporters.JUnitXMLReporter -->
<testsuite hostname="ciprian-ThinkPad-T570-W10DG" ignored="0" name="Default test" tests="22" failures="1" timestamp="09 Sep 2019 13:34:05 GMT" time="18.668" errors="0">
  <testcase name="test1" time="1.923" classname="ODIN_VALIDATOR_APITEST.App1"/>
  <testcase name="test2" time="0.721" classname="ODIN_VALIDATOR_APITEST.App1"/>
  <testcase name="test3" time="0.832" classname="ODIN_VALIDATOR_APITEST.App1"/>
  <testcase name="test4" time="0.681" classname="ODIN_VALIDATOR_APITEST.App1"/>
  <testcase name="test5" time="0.93" classname="ODIN_VALIDATOR_APITEST.App1"/>
  <testcase name="test6" time="0.787" classname="ODIN_VALIDATOR_APITEST.App1"/>
  <testcase name="test7" time="0.63" classname="ODIN_VALIDATOR_APITEST.App1"/>
  <testcase name="test8" time="0.694" classname="ODIN_VALIDATOR_APITEST.App1"/>
  <testcase name="test9" time="0.846" classname="ODIN_VALIDATOR_APITEST.App1"/>
  <testcase name="test10" time="0.863" classname="ODIN_VALIDATOR_APITEST.App1"/>
  <testcase name="test11" time="0.685" classname="ODIN_VALIDATOR_APITEST.App1"/>
  <testcase name="test12" time="0.727" classname="ODIN_VALIDATOR_APITEST.App1"/>
  <testcase name="test13" time="0.818" classname="ODIN_VALIDATOR_APITEST.App1"/>
  <testcase name="test14" time="1.028" classname="ODIN_VALIDATOR_APITEST.App1"/>
  <testcase name="test15" time="0.641" classname="ODIN_VALIDATOR_APITEST.App1"/>
  <testcase name="test16" time="0.685" classname="ODIN_VALIDATOR_APITEST.App1"/>
  <testcase name="test17" time="0.678" classname="ODIN_VALIDATOR_APITEST.App1"/>
  <testcase name="test18" time="0.694" classname="ODIN_VALIDATOR_APITEST.App1"/>
  <testcase name="test19" time="0.719" classname="ODIN_VALIDATOR_APITEST.App1"/>
  <testcase name="test20" time="0.81" classname="ODIN_VALIDATOR_APITEST.App1">
    <failure type="java.lang.AssertionError" message="expected [2] but found [0]">
      <![CDATA[java.lang.AssertionError: expected [2] but found [0]
at org.testng.Assert.fail(Assert.java:96)
at org.testng.Assert.failNotEquals(Assert.java:776)
at org.testng.Assert.assertEqualsImpl(Assert.java:137)
at org.testng.Assert.assertEquals(Assert.java:118)
at org.testng.Assert.assertEquals(Assert.java:652)
at org.testng.Assert.assertEquals(Assert.java:662)
at ODIN_VALIDATOR_APITEST.App1.test20(App1.java:256)
at sun.reflect.NativeMethodAccessorImpl.invoke0(Native Method)
at sun.reflect.NativeMethodAccessorImpl.invoke(NativeMethodAccessorImpl.java:62)
at sun.reflect.DelegatingMethodAccessorImpl.invoke(DelegatingMethodAccessorImpl.java:43)
at java.lang.reflect.Method.invoke(Method.java:498)
at org.testng.internal.MethodInvocationHelper.invokeMethod(MethodInvocationHelper.java:124)
at org.testng.internal.Invoker.invokeMethod(Invoker.java:583)
at org.testng.internal.Invoker.invokeTestMethod(Invoker.java:719)
at org.testng.internal.Invoker.invokeTestMethods(Invoker.java:989)
at org.testng.internal.TestMethodWorker.invokeTestMethods(TestMethodWorker.java:125)
at org.testng.internal.TestMethodWorker.run(TestMethodWorker.java:109)
at org.testng.TestRunner.privateRun(TestRunner.java:648)
at org.testng.TestRunner.run(TestRunner.java:505)
at org.testng.SuiteRunner.runTest(SuiteRunner.java:455)
at org.testng.SuiteRunner.runSequentially(SuiteRunner.java:450)
at org.testng.SuiteRunner.privateRun(SuiteRunner.java:415)
at org.testng.SuiteRunner.run(SuiteRunner.java:364)
at org.testng.SuiteRunnerWorker.runSuite(SuiteRunnerWorker.java:52)
at org.testng.SuiteRunnerWorker.run(SuiteRunnerWorker.java:84)
at org.testng.TestNG.runSuitesSequentially(TestNG.java:1208)
at org.testng.TestNG.runSuitesLocally(TestNG.java:1137)
at org.testng.TestNG.runSuites(TestNG.java:1049)
at org.testng.TestNG.run(TestNG.java:1017)
at org.testng.remote.AbstractRemoteTestNG.run(AbstractRemoteTestNG.java:114)
at org.testng.remote.RemoteTestNG.initAndRun(RemoteTestNG.java:251)
at org.testng.remote.RemoteTestNG.main(RemoteTestNG.java:77)
]]>
    </failure>
  </testcase> <!-- test20 -->
  <testcase name="test21" time="0.776" classname="ODIN_VALIDATOR_APITEST.App1"/>
  <testcase name="test22" time="0.674" classname="ODIN_VALIDATOR_APITEST.App1"/>
</testsuite> <!-- Default test -->
